2019-09-25 10:19:43 Warning: Warning (512): Unable to emit headers. Headers sent in file=/Users/Henna/Downloads/Project Work/my_app_name/vendor/cakephp/cakephp/src/Error/Debugger.php line=856 in [/Users/Henna/Downloads/Project Work/my_app_name/vendor/cakephp/cakephp/src/Http/ResponseEmitter.php, line 51]
Trace:
Cake\Error\BaseErrorHandler::handleError() - CORE/src/Error/BaseErrorHandler.php, line 158
Cake\Http\ResponseEmitter::emit() - CORE/src/Http/ResponseEmitter.php, line 51
Cake\Error\ErrorHandler::_sendResponse() - CORE/src/Error/ErrorHandler.php, line 198
Cake\Error\ErrorHandler::_displayException() - CORE/src/Error/ErrorHandler.php, line 139
Cake\Error\BaseErrorHandler::handleException() - CORE/src/Error/BaseErrorHandler.php, line 192
Cake\Error\BaseErrorHandler::wrapAndHandleException() - CORE/src/Error/BaseErrorHandler.php, line 176
[main] - [internal], line ??



2019-09-25 10:19:43 Warning: Warning (2): Cannot modify header information - headers already sent by (output started at /Users/Henna/Downloads/Project Work/my_app_name/vendor/cakephp/cakephp/src/Error/Debugger.php:856) in [/Users/Henna/Downloads/Project Work/my_app_name/vendor/cakephp/cakephp/src/Http/ResponseEmitter.php, line 152]
Trace:
Cake\Error\BaseErrorHandler::handleError() - CORE/src/Error/BaseErrorHandler.php, line 158
header - [internal], line ??
Cake\Http\ResponseEmitter::emitStatusLine() - CORE/src/Http/ResponseEmitter.php, line 152
Cake\Http\ResponseEmitter::emit() - CORE/src/Http/ResponseEmitter.php, line 57
Cake\Error\ErrorHandler::_sendResponse() - CORE/src/Error/ErrorHandler.php, line 198
Cake\Error\ErrorHandler::_displayException() - CORE/src/Error/ErrorHandler.php, line 139
Cake\Error\BaseErrorHandler::handleException() - CORE/src/Error/BaseErrorHandler.php, line 192
Cake\Error\BaseErrorHandler::wrapAndHandleException() - CORE/src/Error/BaseErrorHandler.php, line 176
[main] - [internal], line ??



2019-09-25 10:19:43 Warning: Warning (2): Cannot modify header information - headers already sent by (output started at /Users/Henna/Downloads/Project Work/my_app_name/vendor/cakephp/cakephp/src/Error/Debugger.php:856) in [/Users/Henna/Downloads/Project Work/my_app_name/vendor/cakephp/cakephp/src/Http/ResponseEmitter.php, line 181]
Trace:
Cake\Error\BaseErrorHandler::handleError() - CORE/src/Error/BaseErrorHandler.php, line 158
header - [internal], line ??
Cake\Http\ResponseEmitter::emitHeaders() - CORE/src/Http/ResponseEmitter.php, line 181
Cake\Http\ResponseEmitter::emit() - CORE/src/Http/ResponseEmitter.php, line 58
Cake\Error\ErrorHandler::_sendResponse() - CORE/src/Error/ErrorHandler.php, line 198
Cake\Error\ErrorHandler::_displayException() - CORE/src/Error/ErrorHandler.php, line 139
Cake\Error\BaseErrorHandler::handleException() - CORE/src/Error/BaseErrorHandler.php, line 192
Cake\Error\BaseErrorHandler::wrapAndHandleException() - CORE/src/Error/BaseErrorHandler.php, line 176
[main] - [internal], line ??



2019-09-25 10:19:43 Error: [Cake\Core\Exception\MissingPluginException] Plugin Highcharts could not be found. in /Users/Henna/Downloads/Project Work/my_app_name/vendor/cakephp/cakephp/src/Core/PluginCollection.php on line 137
Exception Attributes: array (
  'plugin' => 'Highcharts',
)
Stack Trace:
#0 /Users/Henna/Downloads/Project Work/my_app_name/vendor/cakephp/cakephp/src/Core/Plugin.php(140): Cake\Core\PluginCollection->findPath('Highcharts')
#1 /Users/Henna/Downloads/Project Work/my_app_name/config/bootstrap.php(184): Cake\Core\Plugin::load('Highcharts')
#2 /Users/Henna/Downloads/Project Work/my_app_name/webroot/index.php(27): require('/Users/Henna/Do...')
#3 {main}


2019-09-25 10:26:14 Error: [Cake\Core\Exception\MissingPluginException] Plugin Highcharts could not be found. in /Users/Henna/Downloads/Project Work/my_app_name/vendor/cakephp/cakephp/src/Core/PluginCollection.php on line 137
Exception Attributes: array (
  'plugin' => 'Highcharts',
)
2019-09-25 10:29:29 Error: [PDOException] SQLSTATE[HY000] [1045] Access denied for user 'my_app'@'localhost' (using password: YES) in /Users/Henna/Downloads/Project Work/my_app_name/vendor/cakephp/cakephp/src/Database/Driver.php on line 92
Request URL: /
Referer URL: http://localhost:8888/MAMP/?language=English
2019-09-25 10:32:34 Error: [PDOException] SQLSTATE[HY000] [1045] Access denied for user 'my_app'@'localhost' (using password: YES) in /Users/Henna/Downloads/Project Work/my_app_name/vendor/cakephp/cakephp/src/Database/Driver.php on line 92
Request URL: /
2019-09-25 10:41:20 Error: [PDOException] SQLSTATE[HY000] [1045] Access denied for user 'my_app'@'localhost' (using password: YES) in /Users/Henna/Downloads/Project Work/my_app_name/vendor/cakephp/cakephp/src/Database/Driver.php on line 92
Request URL: /
Referer URL: http://localhost:8888/MAMP/?language=English
2019-09-25 10:44:14 Error: [PDOException] SQLSTATE[HY000] [1045] Access denied for user 'root'@'localhost' (using password: NO) in /Users/Henna/Downloads/Project Work/my_app_name/vendor/cakephp/cakephp/src/Database/Driver.php on line 92
Request URL: /
Referer URL: http://localhost:8888/MAMP/?language=English
2019-09-25 10:44:19 Error: [PDOException] SQLSTATE[HY000] [1045] Access denied for user 'root'@'localhost' (using password: NO) in /Users/Henna/Downloads/Project Work/my_app_name/vendor/cakephp/cakephp/src/Database/Driver.php on line 92
Request URL: /
Referer URL: http://localhost:8888/MAMP/?language=English
2019-09-25 10:45:22 Error: [PDOException] SQLSTATE[HY000] [1045] Access denied for user 'my_app'@'localhost' (using password: NO) in /Users/Henna/Downloads/Project Work/my_app_name/vendor/cakephp/cakephp/src/Database/Driver.php on line 92
Request URL: /
Referer URL: http://localhost:8888/MAMP/?language=English
2019-09-25 10:45:52 Error: [PDOException] SQLSTATE[HY000] [1045] Access denied for user 'root'@'localhost' (using password: NO) in /Users/Henna/Downloads/Project Work/my_app_name/vendor/cakephp/cakephp/src/Database/Driver.php on line 92
Request URL: /
Referer URL: http://localhost:8888/MAMP/?language=English
2019-09-26 12:34:15 Error: [PDOException] SQLSTATE[HY000] [1045] Access denied for user 'root'@'localhost' (using password: YES) in /Users/Henna/Downloads/Project Work/mmt5/vendor/cakephp/cakephp/src/Database/Driver.php on line 92
Request URL: /
Referer URL: http://localhost:8888/MAMP/?language=English
2019-09-26 12:41:37 Error: [PDOException] SQLSTATE[HY000] [1045] Access denied for user 'root'@'localhost' (using password: NO) in /Users/Henna/Downloads/Project Work/mmt5/vendor/cakephp/cakephp/src/Database/Driver.php on line 92
Request URL: /
Referer URL: http://localhost:8888/MAMP/?language=English
2019-10-03 11:38:20 Error: [PDOException] SQLSTATE[42000]: Syntax error or access violation: 1055 Expression #1 of SELECT list is not in GROUP BY clause and contains nonaggregated column 'new_database.Notifications.comment_id' which is not functionally dependent on columns in GROUP BY clause; this is incompatible with sql_mode=only_full_group_by in /Users/Henna/Downloads/Project Work/mmt5/vendor/cakephp/cakephp/src/Database/Statement/MysqlStatement.php on line 38
Request URL: /projects/view/1
Referer URL: http://localhost:8888/projects
2019-10-03 11:38:38 Error: [PDOException] SQLSTATE[42000]: Syntax error or access violation: 1055 Expression #1 of SELECT list is not in GROUP BY clause and contains nonaggregated column 'new_database.Notifications.comment_id' which is not functionally dependent on columns in GROUP BY clause; this is incompatible with sql_mode=only_full_group_by in /Users/Henna/Downloads/Project Work/mmt5/vendor/cakephp/cakephp/src/Database/Statement/MysqlStatement.php on line 38
Request URL: /projects/view/1
Referer URL: http://localhost:8888/projects
2019-10-04 13:18:55 Error: [PDOException] SQLSTATE[42000]: Syntax error or access violation: 1055 Expression #1 of SELECT list is not in GROUP BY clause and contains nonaggregated column 'new_database.Notifications.comment_id' which is not functionally dependent on columns in GROUP BY clause; this is incompatible with sql_mode=only_full_group_by in /Users/Henna/Downloads/Project Work/mmt5/vendor/cakephp/cakephp/src/Database/Statement/MysqlStatement.php on line 38
Request URL: /projects/view/1
Referer URL: http://localhost:8888/projects
2019-10-04 13:20:07 Error: [PDOException] SQLSTATE[42000]: Syntax error or access violation: 1055 Expression #1 of SELECT list is not in GROUP BY clause and contains nonaggregated column 'new_database.Notifications.comment_id' which is not functionally dependent on columns in GROUP BY clause; this is incompatible with sql_mode=only_full_group_by in /Users/Henna/Downloads/Project Work/mmt5/vendor/cakephp/cakephp/src/Database/Statement/MysqlStatement.php on line 38
Request URL: /projects/view/1
Referer URL: http://localhost:8888/projects
2019-10-04 13:21:31 Warning: Warning (2): A non-numeric value encountered in [/Users/Henna/Downloads/Project Work/mmt5/src/Template/Members/index.ctp, line 50]


2019-10-04 13:23:42 Error: [PDOException] SQLSTATE[42000]: Syntax error or access violation: 1055 Expression #1 of SELECT list is not in GROUP BY clause and contains nonaggregated column 'new_database.Notifications.comment_id' which is not functionally dependent on columns in GROUP BY clause; this is incompatible with sql_mode=only_full_group_by in /Users/Henna/Downloads/Project Work/mmt5/vendor/cakephp/cakephp/src/Database/Statement/MysqlStatement.php on line 38
Request URL: /projects/view/1
Referer URL: http://localhost:8888/projects
2019-10-04 13:23:47 Error: [PDOException] SQLSTATE[42000]: Syntax error or access violation: 1055 Expression #1 of SELECT list is not in GROUP BY clause and contains nonaggregated column 'new_database.Notifications.comment_id' which is not functionally dependent on columns in GROUP BY clause; this is incompatible with sql_mode=only_full_group_by in /Users/Henna/Downloads/Project Work/mmt5/vendor/cakephp/cakephp/src/Database/Statement/MysqlStatement.php on line 38
Request URL: /projects/view/1
Referer URL: http://localhost:8888/projects
2019-10-04 13:50:08 Error: [PDOException] SQLSTATE[42000]: Syntax error or access violation: 1055 Expression #1 of SELECT list is not in GROUP BY clause and contains nonaggregated column 'new_database.Notifications.comment_id' which is not functionally dependent on columns in GROUP BY clause; this is incompatible with sql_mode=only_full_group_by in /Users/Henna/Downloads/Project Work/mmt5/vendor/cakephp/cakephp/src/Database/Statement/MysqlStatement.php on line 38
Request URL: /projects
Referer URL: http://localhost:8888/users/login
2019-10-04 13:51:14 Error: [PDOException] SQLSTATE[42000]: Syntax error or access violation: 1055 Expression #1 of SELECT list is not in GROUP BY clause and contains nonaggregated column 'new_database.Notifications.comment_id' which is not functionally dependent on columns in GROUP BY clause; this is incompatible with sql_mode=only_full_group_by in /Users/Henna/Downloads/Project Work/mmt5/vendor/cakephp/cakephp/src/Database/Statement/MysqlStatement.php on line 38
Request URL: /
Referer URL: http://localhost:8888/MAMP/?language=English
2019-10-04 13:51:44 Error: [PDOException] SQLSTATE[42000]: Syntax error or access violation: 1055 Expression #1 of SELECT list is not in GROUP BY clause and contains nonaggregated column 'new_database.Notifications.comment_id' which is not functionally dependent on columns in GROUP BY clause; this is incompatible with sql_mode=only_full_group_by in /Users/Henna/Downloads/Project Work/mmt5/vendor/cakephp/cakephp/src/Database/Statement/MysqlStatement.php on line 38
Request URL: /
Referer URL: http://localhost:8888/MAMP/?language=English
2019-10-04 13:52:32 Error: [PDOException] SQLSTATE[42000]: Syntax error or access violation: 1055 Expression #1 of SELECT list is not in GROUP BY clause and contains nonaggregated column 'new_database.Notifications.comment_id' which is not functionally dependent on columns in GROUP BY clause; this is incompatible with sql_mode=only_full_group_by in /Users/Henna/Downloads/Project Work/mmt5/vendor/cakephp/cakephp/src/Database/Statement/MysqlStatement.php on line 38
Request URL: /
Referer URL: http://localhost:8888/MAMP/?language=English
2019-10-06 15:19:59 Warning: Headers already sent in /Users/Henna/Downloads/Project Work/mmt5/vendor/cakephp/cakephp/src/Error/Debugger.php:856
2019-10-06 15:20:27 Warning: Headers already sent in /Users/Henna/Downloads/Project Work/mmt5/vendor/cakephp/cakephp/src/Error/Debugger.php:856
2019-10-06 15:21:20 Warning: Warning (2): A non-numeric value encountered in [/Users/Henna/Downloads/Project Work/mmt5/src/Template/Members/index.ctp, line 50]


2019-10-06 15:21:49 Error: [PDOException] SQLSTATE[42000]: Syntax error or access violation: 1055 Expression #1 of SELECT list is not in GROUP BY clause and contains nonaggregated column 'new_database.Notifications.comment_id' which is not functionally dependent on columns in GROUP BY clause; this is incompatible with sql_mode=only_full_group_by in /Users/Henna/Downloads/Project Work/mmt5/vendor/cakephp/cakephp/src/Database/Statement/MysqlStatement.php on line 38
Request URL: /projects/view/1
Referer URL: http://localhost:8888/projects
2019-10-06 15:22:08 Error: [PDOException] SQLSTATE[42000]: Syntax error or access violation: 1055 Expression #1 of SELECT list is not in GROUP BY clause and contains nonaggregated column 'new_database.Notifications.comment_id' which is not functionally dependent on columns in GROUP BY clause; this is incompatible with sql_mode=only_full_group_by in /Users/Henna/Downloads/Project Work/mmt5/vendor/cakephp/cakephp/src/Database/Statement/MysqlStatement.php on line 38
Request URL: /projects/view/1
Referer URL: http://localhost:8888/projects
2019-10-06 15:23:36 Warning: Warning (2): A non-numeric value encountered in [/Users/Henna/Downloads/Project Work/mmt5/src/Template/Members/index.ctp, line 50]


2019-10-06 15:23:39 Warning: Headers already sent in /Users/Henna/Downloads/Project Work/mmt5/vendor/cakephp/cakephp/src/Error/Debugger.php:856
2019-10-06 15:23:53 Warning: Warning (2): A non-numeric value encountered in [/Users/Henna/Downloads/Project Work/mmt5/src/Template/Members/index.ctp, line 50]


2019-10-06 15:23:58 Warning: Warning (2): A non-numeric value encountered in [/Users/Henna/Downloads/Project Work/mmt5/src/Template/Members/index.ctp, line 50]


2019-10-06 15:24:06 Warning: Warning (2): A non-numeric value encountered in [/Users/Henna/Downloads/Project Work/mmt5/src/Template/Members/index.ctp, line 50]


2019-10-06 15:24:32 Warning: Headers already sent in /Users/Henna/Downloads/Project Work/mmt5/vendor/cakephp/cakephp/src/Error/Debugger.php:856
2019-10-06 15:25:23 Error: [PDOException] SQLSTATE[42000]: Syntax error or access violation: 1055 Expression #1 of SELECT list is not in GROUP BY clause and contains nonaggregated column 'new_database.Notifications.comment_id' which is not functionally dependent on columns in GROUP BY clause; this is incompatible with sql_mode=only_full_group_by in /Users/Henna/Downloads/Project Work/mmt5/vendor/cakephp/cakephp/src/Database/Statement/MysqlStatement.php on line 38
Request URL: /projects/view/1
Referer URL: http://localhost:8888/projects
2019-10-06 15:35:11 Error: [Cake\Routing\Exception\MissingControllerException] Controller class AppleTouchIconPrecomposed.png could not be found. in /Users/Henna/Downloads/Project Work/mmt5/vendor/cakephp/cakephp/src/Http/ControllerFactory.php on line 104
Exception Attributes: array (
  'class' => 'AppleTouchIconPrecomposed.png',
  'plugin' => false,
  'prefix' => false,
  '_ext' => false,
)
Request URL: /apple-touch-icon-precomposed.png
2019-10-06 15:35:11 Error: [Cake\Routing\Exception\MissingControllerException] Controller class AppleTouchIcon.png could not be found. in /Users/Henna/Downloads/Project Work/mmt5/vendor/cakephp/cakephp/src/Http/ControllerFactory.php on line 104
Exception Attributes: array (
  'class' => 'AppleTouchIcon.png',
  'plugin' => false,
  'prefix' => false,
  '_ext' => false,
)
Request URL: /apple-touch-icon.png
